Determining if the pthread_create exist failed with the following output:
Change Dir: /home/6im2/mroche/Documents/Projet_Synthese_Image/GLImac-Template-build/CMakeFiles/CMakeTmp

Run Build Command:"/usr/bin/make" "cmTryCompileExec195681965/fast"
/usr/bin/make -f CMakeFiles/cmTryCompileExec195681965.dir/build.make CMakeFiles/cmTryCompileExec195681965.dir/build
make[1]: Entering directory '/home/6im2/mroche/Documents/Projet_Synthese_Image/GLImac-Template-build/CMakeFiles/CMakeTmp'
/usr/bin/cmake -E cmake_progress_report /home/6im2/mroche/Documents/Projet_Synthese_Image/GLImac-Template-build/CMakeFiles/CMakeTmp/CMakeFiles 1
Building C object CMakeFiles/cmTryCompileExec195681965.dir/CheckSymbolExists.c.o
/usr/bin/cc    -o CMakeFiles/cmTryCompileExec195681965.dir/CheckSymbolExists.c.o   -c /home/6im2/mroche/Documents/Projet_Synthese_Image/GLImac-Template-build/CMakeFiles/CMakeTmp/CheckSymbolExists.c
Linking C executable cmTryCompileExec195681965
/usr/bin/cmake -E cmake_link_script CMakeFiles/cmTryCompileExec195681965.dir/link.txt --verbose=1
/usr/bin/cc       CMakeFiles/cmTryCompileExec195681965.dir/CheckSymbolExists.c.o  -o cmTryCompileExec195681965 -rdynamic 
CMakeFiles/cmTryCompileExec195681965.dir/CheckSymbolExists.c.o: dans la fonction « main »:
CheckSymbolExists.c:(.text+0x16): référence indéfinie vers « pthread_create »
collect2: error: ld returned 1 exit status
CMakeFiles/cmTryCompileExec195681965.dir/build.make:88: recipe for target 'cmTryCompileExec195681965' failed
make[1]: Leaving directory '/home/6im2/mroche/Documents/Projet_Synthese_Image/GLImac-Template-build/CMakeFiles/CMakeTmp'
make[1]: *** [cmTryCompileExec195681965] Error 1
Makefile:118: recipe for target 'cmTryCompileExec195681965/fast' failed
make: *** [cmTryCompileExec195681965/fast] Error 2

File /home/6im2/mroche/Documents/Projet_Synthese_Image/GLImac-Template-build/CMakeFiles/CMakeTmp/CheckSymbolExists.c:
/* */
#include <pthread.h>

int main(int argc, char** argv)
{
  (void)argv;
#ifndef pthread_create
  return ((int*)(&pthread_create))[argc];
#else
  (void)argc;
  return 0;
#endif
}

Determining if the function pthread_create exists in the pthreads failed with the following output:
Change Dir: /home/6im2/mroche/Documents/Projet_Synthese_Image/GLImac-Template-build/CMakeFiles/CMakeTmp

Run Build Command:"/usr/bin/make" "cmTryCompileExec657954283/fast"
/usr/bin/make -f CMakeFiles/cmTryCompileExec657954283.dir/build.make CMakeFiles/cmTryCompileExec657954283.dir/build
make[1]: Entering directory '/home/6im2/mroche/Documents/Projet_Synthese_Image/GLImac-Template-build/CMakeFiles/CMakeTmp'
/usr/bin/cmake -E cmake_progress_report /home/6im2/mroche/Documents/Projet_Synthese_Image/GLImac-Template-build/CMakeFiles/CMakeTmp/CMakeFiles 1
Building C object CMakeFiles/cmTryCompileExec657954283.dir/CheckFunctionExists.c.o
/usr/bin/cc   -DCHECK_FUNCTION_EXISTS=pthread_create   -o CMakeFiles/cmTryCompileExec657954283.dir/CheckFunctionExists.c.o   -c /usr/share/cmake-3.0/Modules/CheckFunctionExists.c
Linking C executable cmTryCompileExec657954283
/usr/bin/cmake -E cmake_link_script CMakeFiles/cmTryCompileExec657954283.dir/link.txt --verbose=1
/usr/bin/cc   -DCHECK_FUNCTION_EXISTS=pthread_create    CMakeFiles/cmTryCompileExec657954283.dir/CheckFunctionExists.c.o  -o cmTryCompileExec657954283 -rdynamic -lpthreads 
/usr/bin/ld: ne peut trouver -lpthreads
collect2: error: ld returned 1 exit status
CMakeFiles/cmTryCompileExec657954283.dir/build.make:88: recipe for target 'cmTryCompileExec657954283' failed
make[1]: *** [cmTryCompileExec657954283] Error 1
make[1]: Leaving directory '/home/6im2/mroche/Documents/Projet_Synthese_Image/GLImac-Template-build/CMakeFiles/CMakeTmp'
Makefile:118: recipe for target 'cmTryCompileExec657954283/fast' failed
make: *** [cmTryCompileExec657954283/fast] Error 2


